[     517ms] [INFO] %cDownload the React DevTools for a better development experience: https://reactjs.org/link/react-devtools font-weight:bold @ webpack-internal:///(app-pages-browser)/./node_modules/next/dist/compiled/react-dom/cjs/react-dom.development.js:38559
[     840ms] [WARNING] Image with src "http://localhost:3000/assets/img/Logo.svg" has either width or height modified, but not the other. If you use CSS to change the size of your image, also include the styles 'width: "auto"' or 'height: "auto"' to maintain the aspect ratio. @ webpack-internal:///(app-pages-browser)/./node_modules/next/dist/shared/lib/utils/warn-once.js:15
[     856ms] [WARNING] You may test your Stripe.js integration over HTTP. However, live Stripe.js integrations must use HTTPS. @ https://js.stripe.com/dahlia/stripe.js:0
[    7991ms] [LOG] [Fast Refresh] rebuilding @ webpack-internal:///(app-pages-browser)/./node_modules/next/dist/client/components/react-dev-overlay/app/hot-reloader-client.js:186
[    8541ms] [ERROR] ./src/app/(admin)/admin/orders/addOrder/index.tsx:27:1
Module not found: Can't resolve '../components/addProductCus'
  25 | import { toast } from 'sonner'
  26 | import * as yup from 'yup'
> 27 | import AddProductCus from '../components/addProductCus'
     | ^
  28 | import BaseCard from '../components/shared/BaseCard'
  29 |
  30 | type Props = {

https://nextjs.org/docs/messages/module-not-found

Import trace for requested module:
./src/app/(admin)/admin/orders/page.tsx @ webpack-internal:///(app-pages-browser)/./node_modules/next/dist/client/app-index.js:32
[    8541ms] [ERROR] ./src/app/(admin)/admin/orders/addOrder/index.tsx:28:1
Module not found: Can't resolve '../components/shared/BaseCard'
  26 | import * as yup from 'yup'
  27 | import AddProductCus from '../components/addProductCus'
> 28 | import BaseCard from '../components/shared/BaseCard'
     | ^
  29 |
  30 | type Props = {
  31 |   open: boolean

https://nextjs.org/docs/messages/module-not-found

Import trace for requested module:
./src/app/(admin)/admin/orders/page.tsx @ webpack-internal:///(app-pages-browser)/./node_modules/next/dist/client/app-index.js:32
[    9873ms] [ERROR] ./src/app/(admin)/admin/orders/addOrder/index.tsx:27:1
Module not found: Can't resolve '../components/addProductCus'
  25 | import { toast } from 'sonner'
  26 | import * as yup from 'yup'
> 27 | import AddProductCus from '../components/addProductCus'
     | ^
  28 | import BaseCard from '../components/shared/BaseCard'
  29 |
  30 | type Props = {

https://nextjs.org/docs/messages/module-not-found

Import trace for requested module:
./src/app/(admin)/admin/orders/page.tsx @ webpack-internal:///(app-pages-browser)/./node_modules/next/dist/client/app-index.js:32
[    9873ms] [ERROR] ./src/app/(admin)/admin/orders/addOrder/index.tsx:28:1
Module not found: Can't resolve '../components/shared/BaseCard'
  26 | import * as yup from 'yup'
  27 | import AddProductCus from '../components/addProductCus'
> 28 | import BaseCard from '../components/shared/BaseCard'
     | ^
  29 |
  30 | type Props = {
  31 |   open: boolean

https://nextjs.org/docs/messages/module-not-found

Import trace for requested module:
./src/app/(admin)/admin/orders/page.tsx @ webpack-internal:///(app-pages-browser)/./node_modules/next/dist/client/app-index.js:32
[    9950ms] [LOG] [Fast Refresh] rebuilding @ webpack-internal:///(app-pages-browser)/./node_modules/next/dist/client/components/react-dev-overlay/app/hot-reloader-client.js:186
[   10526ms] [ERROR] ./src/app/(admin)/admin/orders/addOrder/index.tsx:27:1
Module not found: Can't resolve '../components/addProductCus'
  25 | import { toast } from 'sonner'
  26 | import * as yup from 'yup'
> 27 | import AddProductCus from '../components/addProductCus'
     | ^
  28 | import BaseCard from '../components/shared/BaseCard'
  29 |
  30 | type Props = {

https://nextjs.org/docs/messages/module-not-found

Import trace for requested module:
./src/app/(admin)/admin/orders/page.tsx @ webpack-internal:///(app-pages-browser)/./node_modules/next/dist/client/app-index.js:32
[   10526ms] [ERROR] ./src/app/(admin)/admin/orders/addOrder/index.tsx:28:1
Module not found: Can't resolve '../components/shared/BaseCard'
  26 | import * as yup from 'yup'
  27 | import AddProductCus from '../components/addProductCus'
> 28 | import BaseCard from '../components/shared/BaseCard'
     | ^
  29 |
  30 | type Props = {
  31 |   open: boolean

https://nextjs.org/docs/messages/module-not-found

Import trace for requested module:
./src/app/(admin)/admin/orders/page.tsx @ webpack-internal:///(app-pages-browser)/./node_modules/next/dist/client/app-index.js:32
[   11452ms] [ERROR] ./src/app/(admin)/admin/orders/addOrder/index.tsx:27:1
Module not found: Can't resolve '../components/addProductCus'
  25 | import { toast } from 'sonner'
  26 | import * as yup from 'yup'
> 27 | import AddProductCus from '../components/addProductCus'
     | ^
  28 | import BaseCard from '../components/shared/BaseCard'
  29 |
  30 | type Props = {

https://nextjs.org/docs/messages/module-not-found

Import trace for requested module:
./src/app/(admin)/admin/orders/page.tsx @ webpack-internal:///(app-pages-browser)/./node_modules/next/dist/client/app-index.js:32
[   11453ms] [ERROR] ./src/app/(admin)/admin/orders/addOrder/index.tsx:28:1
Module not found: Can't resolve '../components/shared/BaseCard'
  26 | import * as yup from 'yup'
  27 | import AddProductCus from '../components/addProductCus'
> 28 | import BaseCard from '../components/shared/BaseCard'
     | ^
  29 |
  30 | type Props = {
  31 |   open: boolean

https://nextjs.org/docs/messages/module-not-found

Import trace for requested module:
./src/app/(admin)/admin/orders/page.tsx @ webpack-internal:///(app-pages-browser)/./node_modules/next/dist/client/app-index.js:32
[   11455ms] [ERROR] ./src/app/(admin)/admin/orders/addOrder/index.tsx:27:1
Module not found: Can't resolve '../components/addProductCus'
  25 | import { toast } from 'sonner'
  26 | import * as yup from 'yup'
> 27 | import AddProductCus from '../components/addProductCus'
     | ^
  28 | import BaseCard from '../components/shared/BaseCard'
  29 |
  30 | type Props = {

https://nextjs.org/docs/messages/module-not-found

Import trace for requested module:
./src/app/(admin)/admin/orders/page.tsx @ webpack-internal:///(app-pages-browser)/./node_modules/next/dist/client/app-index.js:32
[   11455ms] [ERROR] ./src/app/(admin)/admin/orders/addOrder/index.tsx:28:1
Module not found: Can't resolve '../components/shared/BaseCard'
  26 | import * as yup from 'yup'
  27 | import AddProductCus from '../components/addProductCus'
> 28 | import BaseCard from '../components/shared/BaseCard'
     | ^
  29 |
  30 | type Props = {
  31 |   open: boolean

https://nextjs.org/docs/messages/module-not-found

Import trace for requested module:
./src/app/(admin)/admin/orders/page.tsx @ webpack-internal:///(app-pages-browser)/./node_modules/next/dist/client/app-index.js:32
[   11455ms] [ERROR] ./src/app/(admin)/admin/orders/addOrder/index.tsx:27:1
Module not found: Can't resolve '../components/addProductCus'
  25 | import { toast } from 'sonner'
  26 | import * as yup from 'yup'
> 27 | import AddProductCus from '../components/addProductCus'
     | ^
  28 | import BaseCard from '../components/shared/BaseCard'
  29 |
  30 | type Props = {

https://nextjs.org/docs/messages/module-not-found

Import trace for requested module:
./src/app/(admin)/admin/orders/page.tsx @ webpack-internal:///(app-pages-browser)/./node_modules/next/dist/client/app-index.js:32
[   11455ms] [ERROR] ./src/app/(admin)/admin/orders/addOrder/index.tsx:28:1
Module not found: Can't resolve '../components/shared/BaseCard'
  26 | import * as yup from 'yup'
  27 | import AddProductCus from '../components/addProductCus'
> 28 | import BaseCard from '../components/shared/BaseCard'
     | ^
  29 |
  30 | type Props = {
  31 |   open: boolean

https://nextjs.org/docs/messages/module-not-found

Import trace for requested module:
./src/app/(admin)/admin/orders/page.tsx @ webpack-internal:///(app-pages-browser)/./node_modules/next/dist/client/app-index.js:32
[   11456ms] [ERROR] ./src/app/(admin)/admin/orders/addOrder/index.tsx:27:1
Module not found: Can't resolve '../components/addProductCus'
  25 | import { toast } from 'sonner'
  26 | import * as yup from 'yup'
> 27 | import AddProductCus from '../components/addProductCus'
     | ^
  28 | import BaseCard from '../components/shared/BaseCard'
  29 |
  30 | type Props = {

https://nextjs.org/docs/messages/module-not-found

Import trace for requested module:
./src/app/(admin)/admin/orders/page.tsx @ webpack-internal:///(app-pages-browser)/./node_modules/next/dist/client/app-index.js:32
[   11456ms] [ERROR] ./src/app/(admin)/admin/orders/addOrder/index.tsx:28:1
Module not found: Can't resolve '../components/shared/BaseCard'
  26 | import * as yup from 'yup'
  27 | import AddProductCus from '../components/addProductCus'
> 28 | import BaseCard from '../components/shared/BaseCard'
     | ^
  29 |
  30 | type Props = {
  31 |   open: boolean

https://nextjs.org/docs/messages/module-not-found

Import trace for requested module:
./src/app/(admin)/admin/orders/page.tsx @ webpack-internal:///(app-pages-browser)/./node_modules/next/dist/client/app-index.js:32
[   11643ms] [ERROR] ./src/app/(admin)/admin/orders/addOrder/index.tsx:27:1
Module not found: Can't resolve '../components/addProductCus'
  25 | import { toast } from 'sonner'
  26 | import * as yup from 'yup'
> 27 | import AddProductCus from '../components/addProductCus'
     | ^
  28 | import BaseCard from '../components/shared/BaseCard'
  29 |
  30 | type Props = {

https://nextjs.org/docs/messages/module-not-found

Import trace for requested module:
./src/app/(admin)/admin/orders/page.tsx @ webpack-internal:///(app-pages-browser)/./node_modules/next/dist/client/app-index.js:32
[   11643ms] [ERROR] ./src/app/(admin)/admin/orders/addOrder/index.tsx:28:1
Module not found: Can't resolve '../components/shared/BaseCard'
  26 | import * as yup from 'yup'
  27 | import AddProductCus from '../components/addProductCus'
> 28 | import BaseCard from '../components/shared/BaseCard'
     | ^
  29 |
  30 | type Props = {
  31 |   open: boolean

https://nextjs.org/docs/messages/module-not-found

Import trace for requested module:
./src/app/(admin)/admin/orders/page.tsx @ webpack-internal:///(app-pages-browser)/./node_modules/next/dist/client/app-index.js:32
[   11646ms] [ERROR] ./src/app/(admin)/admin/orders/addOrder/index.tsx:27:1
Module not found: Can't resolve '../components/addProductCus'
  25 | import { toast } from 'sonner'
  26 | import * as yup from 'yup'
> 27 | import AddProductCus from '../components/addProductCus'
     | ^
  28 | import BaseCard from '../components/shared/BaseCard'
  29 |
  30 | type Props = {

https://nextjs.org/docs/messages/module-not-found

Import trace for requested module:
./src/app/(admin)/admin/orders/page.tsx @ webpack-internal:///(app-pages-browser)/./node_modules/next/dist/client/app-index.js:32
[   11646ms] [ERROR] ./src/app/(admin)/admin/orders/addOrder/index.tsx:28:1
Module not found: Can't resolve '../components/shared/BaseCard'
  26 | import * as yup from 'yup'
  27 | import AddProductCus from '../components/addProductCus'
> 28 | import BaseCard from '../components/shared/BaseCard'
     | ^
  29 |
  30 | type Props = {
  31 |   open: boolean

https://nextjs.org/docs/messages/module-not-found

Import trace for requested module:
./src/app/(admin)/admin/orders/page.tsx @ webpack-internal:///(app-pages-browser)/./node_modules/next/dist/client/app-index.js:32
[   11653ms] [ERROR] ./src/app/(admin)/admin/orders/addOrder/index.tsx:27:1
Module not found: Can't resolve '../components/addProductCus'
  25 | import { toast } from 'sonner'
  26 | import * as yup from 'yup'
> 27 | import AddProductCus from '../components/addProductCus'
     | ^
  28 | import BaseCard from '../components/shared/BaseCard'
  29 |
  30 | type Props = {

https://nextjs.org/docs/messages/module-not-found

Import trace for requested module:
./src/app/(admin)/admin/orders/page.tsx @ webpack-internal:///(app-pages-browser)/./node_modules/next/dist/client/app-index.js:32
[   11653ms] [ERROR] ./src/app/(admin)/admin/orders/addOrder/index.tsx:28:1
Module not found: Can't resolve '../components/shared/BaseCard'
  26 | import * as yup from 'yup'
  27 | import AddProductCus from '../components/addProductCus'
> 28 | import BaseCard from '../components/shared/BaseCard'
     | ^
  29 |
  30 | type Props = {
  31 |   open: boolean

https://nextjs.org/docs/messages/module-not-found

Import trace for requested module:
./src/app/(admin)/admin/orders/page.tsx @ webpack-internal:///(app-pages-browser)/./node_modules/next/dist/client/app-index.js:32
[   11656ms] [ERROR] ./src/app/(admin)/admin/orders/addOrder/index.tsx:27:1
Module not found: Can't resolve '../components/addProductCus'
  25 | import { toast } from 'sonner'
  26 | import * as yup from 'yup'
> 27 | import AddProductCus from '../components/addProductCus'
     | ^
  28 | import BaseCard from '../components/shared/BaseCard'
  29 |
  30 | type Props = {

https://nextjs.org/docs/messages/module-not-found

Import trace for requested module:
./src/app/(admin)/admin/orders/page.tsx @ webpack-internal:///(app-pages-browser)/./node_modules/next/dist/client/app-index.js:32
[   11656ms] [ERROR] ./src/app/(admin)/admin/orders/addOrder/index.tsx:28:1
Module not found: Can't resolve '../components/shared/BaseCard'
  26 | import * as yup from 'yup'
  27 | import AddProductCus from '../components/addProductCus'
> 28 | import BaseCard from '../components/shared/BaseCard'
     | ^
  29 |
  30 | type Props = {
  31 |   open: boolean

https://nextjs.org/docs/messages/module-not-found

Import trace for requested module:
./src/app/(admin)/admin/orders/page.tsx @ webpack-internal:///(app-pages-browser)/./node_modules/next/dist/client/app-index.js:32
[   39230ms] [ERROR] ./src/app/(admin)/admin/orders/addOrder/index.tsx:27:1
Module not found: Can't resolve '../components/addProductCus'
  25 | import { toast } from 'sonner'
  26 | import * as yup from 'yup'
> 27 | import AddProductCus from '../components/addProductCus'
     | ^
  28 | import BaseCard from '../components/shared/BaseCard'
  29 |
  30 | type Props = {

https://nextjs.org/docs/messages/module-not-found

Import trace for requested module:
./src/app/(admin)/admin/orders/page.tsx @ webpack-internal:///(app-pages-browser)/./node_modules/next/dist/client/app-index.js:32
[   39230ms] [ERROR] ./src/app/(admin)/admin/orders/addOrder/index.tsx:28:1
Module not found: Can't resolve '../components/shared/BaseCard'
  26 | import * as yup from 'yup'
  27 | import AddProductCus from '../components/addProductCus'
> 28 | import BaseCard from '../components/shared/BaseCard'
     | ^
  29 |
  30 | type Props = {
  31 |   open: boolean

https://nextjs.org/docs/messages/module-not-found

Import trace for requested module:
./src/app/(admin)/admin/orders/page.tsx @ webpack-internal:///(app-pages-browser)/./node_modules/next/dist/client/app-index.js:32
[   39247ms] [ERROR] ./src/app/(admin)/admin/orders/addOrder/index.tsx:27:1
Module not found: Can't resolve '../components/addProductCus'
  25 | import { toast } from 'sonner'
  26 | import * as yup from 'yup'
> 27 | import AddProductCus from '../components/addProductCus'
     | ^
  28 | import BaseCard from '../components/shared/BaseCard'
  29 |
  30 | type Props = {

https://nextjs.org/docs/messages/module-not-found

Import trace for requested module:
./src/app/(admin)/admin/orders/page.tsx @ webpack-internal:///(app-pages-browser)/./node_modules/next/dist/client/app-index.js:32
[   39247ms] [ERROR] ./src/app/(admin)/admin/orders/addOrder/index.tsx:28:1
Module not found: Can't resolve '../components/shared/BaseCard'
  26 | import * as yup from 'yup'
  27 | import AddProductCus from '../components/addProductCus'
> 28 | import BaseCard from '../components/shared/BaseCard'
     | ^
  29 |
  30 | type Props = {
  31 |   open: boolean

https://nextjs.org/docs/messages/module-not-found

Import trace for requested module:
./src/app/(admin)/admin/orders/page.tsx @ webpack-internal:///(app-pages-browser)/./node_modules/next/dist/client/app-index.js:32
[   39250ms] [ERROR] ./src/app/(admin)/admin/orders/addOrder/index.tsx:27:1
Module not found: Can't resolve '../components/addProductCus'
  25 | import { toast } from 'sonner'
  26 | import * as yup from 'yup'
> 27 | import AddProductCus from '../components/addProductCus'
     | ^
  28 | import BaseCard from '../components/shared/BaseCard'
  29 |
  30 | type Props = {

https://nextjs.org/docs/messages/module-not-found

Import trace for requested module:
./src/app/(admin)/admin/orders/page.tsx @ webpack-internal:///(app-pages-browser)/./node_modules/next/dist/client/app-index.js:32
[   39251ms] [ERROR] ./src/app/(admin)/admin/orders/addOrder/index.tsx:28:1
Module not found: Can't resolve '../components/shared/BaseCard'
  26 | import * as yup from 'yup'
  27 | import AddProductCus from '../components/addProductCus'
> 28 | import BaseCard from '../components/shared/BaseCard'
     | ^
  29 |
  30 | type Props = {
  31 |   open: boolean

https://nextjs.org/docs/messages/module-not-found

Import trace for requested module:
./src/app/(admin)/admin/orders/page.tsx @ webpack-internal:///(app-pages-browser)/./node_modules/next/dist/client/app-index.js:32
[   39265ms] [ERROR] ./src/app/(admin)/admin/orders/addOrder/index.tsx:27:1
Module not found: Can't resolve '../components/addProductCus'
  25 | import { toast } from 'sonner'
  26 | import * as yup from 'yup'
> 27 | import AddProductCus from '../components/addProductCus'
     | ^
  28 | import BaseCard from '../components/shared/BaseCard'
  29 |
  30 | type Props = {

https://nextjs.org/docs/messages/module-not-found

Import trace for requested module:
./src/app/(admin)/admin/orders/page.tsx @ webpack-internal:///(app-pages-browser)/./node_modules/next/dist/client/app-index.js:32
[   39265ms] [ERROR] ./src/app/(admin)/admin/orders/addOrder/index.tsx:28:1
Module not found: Can't resolve '../components/shared/BaseCard'
  26 | import * as yup from 'yup'
  27 | import AddProductCus from '../components/addProductCus'
> 28 | import BaseCard from '../components/shared/BaseCard'
     | ^
  29 |
  30 | type Props = {
  31 |   open: boolean

https://nextjs.org/docs/messages/module-not-found

Import trace for requested module:
./src/app/(admin)/admin/orders/page.tsx @ webpack-internal:///(app-pages-browser)/./node_modules/next/dist/client/app-index.js:32
[   39779ms] [ERROR] ./src/app/(admin)/admin/orders/addOrder/index.tsx:27:1
Module not found: Can't resolve '../components/addProductCus'
  25 | import { toast } from 'sonner'
  26 | import * as yup from 'yup'
> 27 | import AddProductCus from '../components/addProductCus'
     | ^
  28 | import BaseCard from '../components/shared/BaseCard'
  29 |
  30 | type Props = {

https://nextjs.org/docs/messages/module-not-found

Import trace for requested module:
./src/app/(admin)/admin/orders/page.tsx @ webpack-internal:///(app-pages-browser)/./node_modules/next/dist/client/app-index.js:32
[   39779ms] [ERROR] ./src/app/(admin)/admin/orders/addOrder/index.tsx:28:1
Module not found: Can't resolve '../components/shared/BaseCard'
  26 | import * as yup from 'yup'
  27 | import AddProductCus from '../components/addProductCus'
> 28 | import BaseCard from '../components/shared/BaseCard'
     | ^
  29 |
  30 | type Props = {
  31 |   open: boolean

https://nextjs.org/docs/messages/module-not-found

Import trace for requested module:
./src/app/(admin)/admin/orders/page.tsx @ webpack-internal:///(app-pages-browser)/./node_modules/next/dist/client/app-index.js:32
[   39783ms] [ERROR] ./src/app/(admin)/admin/orders/addOrder/index.tsx:27:1
Module not found: Can't resolve '../components/addProductCus'
  25 | import { toast } from 'sonner'
  26 | import * as yup from 'yup'
> 27 | import AddProductCus from '../components/addProductCus'
     | ^
  28 | import BaseCard from '../components/shared/BaseCard'
  29 |
  30 | type Props = {

https://nextjs.org/docs/messages/module-not-found

Import trace for requested module:
./src/app/(admin)/admin/orders/page.tsx @ webpack-internal:///(app-pages-browser)/./node_modules/next/dist/client/app-index.js:32
[   39783ms] [ERROR] ./src/app/(admin)/admin/orders/addOrder/index.tsx:28:1
Module not found: Can't resolve '../components/shared/BaseCard'
  26 | import * as yup from 'yup'
  27 | import AddProductCus from '../components/addProductCus'
> 28 | import BaseCard from '../components/shared/BaseCard'
     | ^
  29 |
  30 | type Props = {
  31 |   open: boolean

https://nextjs.org/docs/messages/module-not-found

Import trace for requested module:
./src/app/(admin)/admin/orders/page.tsx @ webpack-internal:///(app-pages-browser)/./node_modules/next/dist/client/app-index.js:32
[   39794ms] [ERROR] ./src/app/(admin)/admin/orders/addOrder/index.tsx:27:1
Module not found: Can't resolve '../components/addProductCus'
  25 | import { toast } from 'sonner'
  26 | import * as yup from 'yup'
> 27 | import AddProductCus from '../components/addProductCus'
     | ^
  28 | import BaseCard from '../components/shared/BaseCard'
  29 |
  30 | type Props = {

https://nextjs.org/docs/messages/module-not-found

Import trace for requested module:
./src/app/(admin)/admin/orders/page.tsx @ webpack-internal:///(app-pages-browser)/./node_modules/next/dist/client/app-index.js:32
[   39794ms] [ERROR] ./src/app/(admin)/admin/orders/addOrder/index.tsx:28:1
Module not found: Can't resolve '../components/shared/BaseCard'
  26 | import * as yup from 'yup'
  27 | import AddProductCus from '../components/addProductCus'
> 28 | import BaseCard from '../components/shared/BaseCard'
     | ^
  29 |
  30 | type Props = {
  31 |   open: boolean

https://nextjs.org/docs/messages/module-not-found

Import trace for requested module:
./src/app/(admin)/admin/orders/page.tsx @ webpack-internal:///(app-pages-browser)/./node_modules/next/dist/client/app-index.js:32
[   39849ms] [ERROR] ./src/app/(admin)/admin/orders/addOrder/index.tsx:27:1
Module not found: Can't resolve '../components/addProductCus'
  25 | import { toast } from 'sonner'
  26 | import * as yup from 'yup'
> 27 | import AddProductCus from '../components/addProductCus'
     | ^
  28 | import BaseCard from '../components/shared/BaseCard'
  29 |
  30 | type Props = {

https://nextjs.org/docs/messages/module-not-found

Import trace for requested module:
./src/app/(admin)/admin/orders/page.tsx @ webpack-internal:///(app-pages-browser)/./node_modules/next/dist/client/app-index.js:32
[   39850ms] [ERROR] ./src/app/(admin)/admin/orders/addOrder/index.tsx:28:1
Module not found: Can't resolve '../components/shared/BaseCard'
  26 | import * as yup from 'yup'
  27 | import AddProductCus from '../components/addProductCus'
> 28 | import BaseCard from '../components/shared/BaseCard'
     | ^
  29 |
  30 | type Props = {
  31 |   open: boolean

https://nextjs.org/docs/messages/module-not-found

Import trace for requested module:
./src/app/(admin)/admin/orders/page.tsx @ webpack-internal:///(app-pages-browser)/./node_modules/next/dist/client/app-index.js:32
