[     128ms] [ERROR] Failed to load resource: the server responded with a status of 500 (Internal Server Error) @ http://localhost:3000/login:0
[     405ms] [INFO] %cDownload the React DevTools for a better development experience: https://reactjs.org/link/react-devtools font-weight:bold @ webpack-internal:///./node_modules/react-dom/cjs/react-dom.development.js:29834
[     449ms] Error: Module not found: Can't resolve '../components/addProductCus'
  25 | import { toast } from 'sonner'
  26 | import * as yup from 'yup'
> 27 | import AddProductCus from '../components/addProductCus'
     | ^
  28 | import BaseCard from '../components/shared/BaseCard'
  29 |
  30 | type Props = {

https://nextjs.org/docs/messages/module-not-found

Import trace for requested module:
./src/app/(admin)/admin/orders/page.tsx
    at <unknown> (https://nextjs.org/docs/messages/module-not-found)
    at getNotFoundError (file:///Users/nhattin/Develop/organick-fullstack/FE/node_modules/next/dist/build/webpack/plugins/wellknown-errors-plugin/parseNotFoundError.js:124:16)
    at process.processTicksAndRejections (node:internal/process/task_queues:104:5)
    at async getModuleBuildError (file:///Users/nhattin/Develop/organick-fullstack/FE/node_modules/next/dist/build/webpack/plugins/wellknown-errors-plugin/webpackModuleError.js:104:27)
    at async (file:///Users/nhattin/Develop/organick-fullstack/FE/node_modules/next/dist/build/webpack/plugins/wellknown-errors-plugin/index.js:29:49)
    at async (file:///Users/nhattin/Develop/organick-fullstack/FE/node_modules/next/dist/build/webpack/plugins/wellknown-errors-plugin/index.js:27:21)
[     446ms] [LOG] [HMR] connected @ webpack-internal:///./node_modules/next/dist/client/components/react-dev-overlay/pages/websocket.js:38
[     447ms] [ERROR] ./src/app/(admin)/admin/orders/addOrder/index.tsx:27:1
Module not found: Can't resolve '../components/addProductCus'
  25 | import { toast } from 'sonner'
  26 | import * as yup from 'yup'
> 27 | import AddProductCus from '../components/addProductCus'
     | ^
  28 | import BaseCard from '../components/shared/BaseCard'
  29 |
  30 | type Props = {

https://nextjs.org/docs/messages/module-not-found

Import trace for requested module:
./src/app/(admin)/admin/orders/page.tsx @ webpack-internal:///./node_modules/next/dist/client/components/react-dev-overlay/internal/helpers/hydration-error-info.js:62
[     447ms] [ERROR] ./src/app/(admin)/admin/orders/addOrder/index.tsx:28:1
Module not found: Can't resolve '../components/shared/BaseCard'
  26 | import * as yup from 'yup'
  27 | import AddProductCus from '../components/addProductCus'
> 28 | import BaseCard from '../components/shared/BaseCard'
     | ^
  29 |
  30 | type Props = {
  31 |   open: boolean

https://nextjs.org/docs/messages/module-not-found

Import trace for requested module:
./src/app/(admin)/admin/orders/page.tsx @ webpack-internal:///./node_modules/next/dist/client/components/react-dev-overlay/internal/helpers/hydration-error-info.js:62
[   22127ms] [ERROR] ./src/app/(admin)/admin/orders/addOrder/index.tsx:27:1
Module not found: Can't resolve '../components/addProductCus'
  25 | import { toast } from 'sonner'
  26 | import * as yup from 'yup'
> 27 | import AddProductCus from '../components/addProductCus'
     | ^
  28 | import BaseCard from '../components/shared/BaseCard'
  29 |
  30 | type Props = {

https://nextjs.org/docs/messages/module-not-found

Import trace for requested module:
./src/app/(admin)/admin/orders/page.tsx @ webpack-internal:///./node_modules/next/dist/client/components/react-dev-overlay/internal/helpers/hydration-error-info.js:62
[   22127ms] [ERROR] ./src/app/(admin)/admin/orders/addOrder/index.tsx:28:1
Module not found: Can't resolve '../components/shared/BaseCard'
  26 | import * as yup from 'yup'
  27 | import AddProductCus from '../components/addProductCus'
> 28 | import BaseCard from '../components/shared/BaseCard'
     | ^
  29 |
  30 | type Props = {
  31 |   open: boolean

https://nextjs.org/docs/messages/module-not-found

Import trace for requested module:
./src/app/(admin)/admin/orders/page.tsx @ webpack-internal:///./node_modules/next/dist/client/components/react-dev-overlay/internal/helpers/hydration-error-info.js:62
[   22128ms] [LOG] [Fast Refresh] rebuilding @ webpack-internal:///./node_modules/next/dist/client/components/react-dev-overlay/pages/hot-reloader-client.js:221
[   25189ms] [ERROR] Failed to load resource: the server responded with a status of 404 (Not Found) @ http://localhost:3000/_next/static/webpack/cc4731b7f28a888d.webpack.hot-update.json:0
[   25189ms] [WARNING] [Fast Refresh] performing full reload because your application had an unrecoverable error @ webpack-internal:///./node_modules/next/dist/client/components/react-dev-overlay/pages/hot-reloader-client.js:349
