[      55ms] [ERROR] Failed to load resource: the server responded with a status of 500 (Internal Server Error) @ http://localhost:3000/login:0
[     241ms] [INFO] %cDownload the React DevTools for a better development experience: https://reactjs.org/link/react-devtools font-weight:bold @ webpack-internal:///./node_modules/react-dom/cjs/react-dom.development.js:29834
[     311ms] Error: Module not found: Can't resolve '../../components/coupon/ApplyCoupon'
  12 | import { useEffect, useMemo, useState } from 'react'
  13 | import { toast } from 'sonner'
> 14 | import ApplyCoupon from '../../components/coupon/ApplyCoupon'
     | ^
  15 | import './style.scss'
  16 |
  17 | type Props = {

https://nextjs.org/docs/messages/module-not-found

Import trace for requested module:
./src/app/components/header/index.tsx
    at <unknown> (https://nextjs.org/docs/messages/module-not-found)
    at getNotFoundError (file:///Users/nhattin/Develop/organick-fullstack/FE/node_modules/next/dist/build/webpack/plugins/wellknown-errors-plugin/parseNotFoundError.js:124:16)
    at process.processTicksAndRejections (node:internal/process/task_queues:104:5)
    at async getModuleBuildError (file:///Users/nhattin/Develop/organick-fullstack/FE/node_modules/next/dist/build/webpack/plugins/wellknown-errors-plugin/webpackModuleError.js:104:27)
    at async (file:///Users/nhattin/Develop/organick-fullstack/FE/node_modules/next/dist/build/webpack/plugins/wellknown-errors-plugin/index.js:29:49)
    at async (file:///Users/nhattin/Develop/organick-fullstack/FE/node_modules/next/dist/build/webpack/plugins/wellknown-errors-plugin/index.js:27:21)
[     282ms] [LOG] [HMR] connected @ webpack-internal:///./node_modules/next/dist/client/components/react-dev-overlay/pages/websocket.js:38
[     284ms] [ERROR] ./src/app/components/modalCart/index.tsx:14:1
Module not found: Can't resolve '../../components/coupon/ApplyCoupon'
  12 | import { useEffect, useMemo, useState } from 'react'
  13 | import { toast } from 'sonner'
> 14 | import ApplyCoupon from '../../components/coupon/ApplyCoupon'
     | ^
  15 | import './style.scss'
  16 |
  17 | type Props = {

https://nextjs.org/docs/messages/module-not-found

Import trace for requested module:
./src/app/components/header/index.tsx @ webpack-internal:///./node_modules/next/dist/client/components/react-dev-overlay/internal/helpers/hydration-error-info.js:62
[   13938ms] [ERROR] ./src/app/components/modalCart/index.tsx:14:1
Module not found: Can't resolve '../../components/coupon/ApplyCoupon'
  12 | import { useEffect, useMemo, useState } from 'react'
  13 | import { toast } from 'sonner'
> 14 | import ApplyCoupon from '../../components/coupon/ApplyCoupon'
     | ^
  15 | import './style.scss'
  16 |
  17 | type Props = {

https://nextjs.org/docs/messages/module-not-found

Import trace for requested module:
./src/app/components/header/index.tsx @ webpack-internal:///./node_modules/next/dist/client/components/react-dev-overlay/internal/helpers/hydration-error-info.js:62
[   14292ms] [ERROR] ./src/app/components/modalCart/index.tsx:14:1
Module not found: Can't resolve '../components/coupon/ApplyCoupon'
  12 | import { useEffect, useMemo, useState } from 'react'
  13 | import { toast } from 'sonner'
> 14 | import ApplyCoupon from '../components/coupon/ApplyCoupon'
     | ^
  15 | import './style.scss'
  16 |
  17 | type Props = {

https://nextjs.org/docs/messages/module-not-found

Import trace for requested module:
./src/app/components/header/index.tsx @ webpack-internal:///./node_modules/next/dist/client/components/react-dev-overlay/internal/helpers/hydration-error-info.js:62
[   14611ms] [ERROR] ./src/app/components/modalCart/index.tsx:14:1
Module not found: Can't resolve '../components/coupon/ApplyCoupon'
  12 | import { useEffect, useMemo, useState } from 'react'
  13 | import { toast } from 'sonner'
> 14 | import ApplyCoupon from '../components/coupon/ApplyCoupon'
     | ^
  15 | import './style.scss'
  16 |
  17 | type Props = {

https://nextjs.org/docs/messages/module-not-found

Import trace for requested module:
./src/app/components/header/index.tsx @ webpack-internal:///./node_modules/next/dist/client/components/react-dev-overlay/internal/helpers/hydration-error-info.js:62
